This is XeTeX, Version 3.14159265-2.6-0.999991 (TeX Live 2019/Debian) (preloaded format=xelatex 2020.10.5)  7 DEC 2020 23:31
entering extended mode
 restricted \write18 enabled.
 %&-line parsing enabled.
**Meteo.and.climate.tex
(./Meteo.and.climate.tex
LaTeX2e <2020-02-02> patch level 2
L3 programming layer <2020-02-14> (/usr/share/texlive/texmf-dist/tex/latex/base
/book.cls
Document Class: book 2019/12/20 v1.4l Standard LaTeX document class
(/usr/share/texlive/texmf-dist/tex/latex/base/bk12.clo
File: bk12.clo 2019/12/20 v1.4l Standard LaTeX file (size option)
)
\c@part=\count163
\c@chapter=\count164
\c@section=\count165
\c@subsection=\count166
\c@subsubsection=\count167
\c@paragraph=\count168
\c@subparagraph=\count169
\c@figure=\count170
\c@table=\count171
\abovecaptionskip=\skip47
\belowcaptionskip=\skip48
\bibindent=\dimen134
) (/usr/share/texmf/tex/latex/lm/lmodern.sty
Package: lmodern 2009/10/30 v1.6 Latin Modern Fonts
LaTeX Font Info:    Overwriting symbol font `operators' in version `normal'
(Font)                  OT1/cmr/m/n --> OT1/lmr/m/n on input line 22.
LaTeX Font Info:    Overwriting symbol font `letters' in version `normal'
(Font)                  OML/cmm/m/it --> OML/lmm/m/it on input line 23.
LaTeX Font Info:    Overwriting symbol font `symbols' in version `normal'
(Font)                  OMS/cmsy/m/n --> OMS/lmsy/m/n on input line 24.
LaTeX Font Info:    Overwriting symbol font `largesymbols' in version `normal'
(Font)                  OMX/cmex/m/n --> OMX/lmex/m/n on input line 25.
LaTeX Font Info:    Overwriting symbol font `operators' in version `bold'
(Font)                  OT1/cmr/bx/n --> OT1/lmr/bx/n on input line 26.
LaTeX Font Info:    Overwriting symbol font `letters' in version `bold'
(Font)                  OML/cmm/b/it --> OML/lmm/b/it on input line 27.
LaTeX Font Info:    Overwriting symbol font `symbols' in version `bold'
(Font)                  OMS/cmsy/b/n --> OMS/lmsy/b/n on input line 28.
LaTeX Font Info:    Overwriting symbol font `largesymbols' in version `bold'
(Font)                  OMX/cmex/m/n --> OMX/lmex/m/n on input line 29.
LaTeX Font Info:    Overwriting math alphabet `\mathbf' in version `normal'
(Font)                  OT1/cmr/bx/n --> OT1/lmr/bx/n on input line 31.
LaTeX Font Info:    Overwriting math alphabet `\mathsf' in version `normal'
(Font)                  OT1/cmss/m/n --> OT1/lmss/m/n on input line 32.
LaTeX Font Info:    Overwriting math alphabet `\mathit' in version `normal'
(Font)                  OT1/cmr/m/it --> OT1/lmr/m/it on input line 33.
LaTeX Font Info:    Overwriting math alphabet `\mathtt' in version `normal'
(Font)                  OT1/cmtt/m/n --> OT1/lmtt/m/n on input line 34.
LaTeX Font Info:    Overwriting math alphabet `\mathbf' in version `bold'
(Font)                  OT1/cmr/bx/n --> OT1/lmr/bx/n on input line 35.
LaTeX Font Info:    Overwriting math alphabet `\mathsf' in version `bold'
(Font)                  OT1/cmss/bx/n --> OT1/lmss/bx/n on input line 36.
LaTeX Font Info:    Overwriting math alphabet `\mathit' in version `bold'
(Font)                  OT1/cmr/bx/it --> OT1/lmr/bx/it on input line 37.
LaTeX Font Info:    Overwriting math alphabet `\mathtt' in version `bold'
(Font)                  OT1/cmtt/m/n --> OT1/lmtt/m/n on input line 38.
) (/usr/share/texlive/texmf-dist/tex/latex/amsfonts/amssymb.sty
Package: amssymb 2013/01/14 v3.01 AMS font symbols
(/usr/share/texlive/texmf-dist/tex/latex/amsfonts/amsfonts.sty
Package: amsfonts 2013/01/14 v3.01 Basic AMSFonts support
\@emptytoks=\toks14
\symAMSa=\mathgroup4
\symAMSb=\mathgroup5
LaTeX Font Info:    Redeclaring math symbol \hbar on input line 98.
LaTeX Font Info:    Overwriting math alphabet `\mathfrak' in version `bold'
(Font)                  U/euf/m/n --> U/euf/b/n on input line 106.
)) (/usr/share/texlive/texmf-dist/tex/latex/amsmath/amsmath.sty
Package: amsmath 2020/01/20 v2.17e AMS math features
\@mathmargin=\skip49
For additional information on amsmath, use the `?' option.
(/usr/share/texlive/texmf-dist/tex/latex/amsmath/amstext.sty
Package: amstext 2000/06/29 v2.01 AMS text
(/usr/share/texlive/texmf-dist/tex/latex/amsmath/amsgen.sty
File: amsgen.sty 1999/11/30 v2.0 generic functions
\@emptytoks=\toks15
\ex@=\dimen135
)) (/usr/share/texlive/texmf-dist/tex/latex/amsmath/amsbsy.sty
Package: amsbsy 1999/11/29 v1.2d Bold Symbols
\pmbraise@=\dimen136
) (/usr/share/texlive/texmf-dist/tex/latex/amsmath/amsopn.sty
Package: amsopn 2016/03/08 v2.02 operator names
)
\inf@bad=\count172
LaTeX Info: Redefining \frac on input line 227.
\uproot@=\count173
\leftroot@=\count174
LaTeX Info: Redefining \overline on input line 389.
\classnum@=\count175
\DOTSCASE@=\count176
LaTeX Info: Redefining \ldots on input line 486.
LaTeX Info: Redefining \dots on input line 489.
LaTeX Info: Redefining \cdots on input line 610.
\Mathstrutbox@=\box45
\strutbox@=\box46
\big@size=\dimen137
LaTeX Font Info:    Redeclaring font encoding OML on input line 733.
LaTeX Font Info:    Redeclaring font encoding OMS on input line 734.
\macc@depth=\count177
\c@MaxMatrixCols=\count178
\dotsspace@=\muskip16
\c@parentequation=\count179
\dspbrk@lvl=\count180
\tag@help=\toks16
\row@=\count181
\column@=\count182
\maxfields@=\count183
\andhelp@=\toks17
\eqnshift@=\dimen138
\alignsep@=\dimen139
\tagshift@=\dimen140
\tagwidth@=\dimen141
\totwidth@=\dimen142
\lineht@=\dimen143
\@envbody=\toks18
\multlinegap=\skip50
\multlinetaggap=\skip51
\mathdisplay@stack=\toks19
LaTeX Info: Redefining \[ on input line 2859.
LaTeX Info: Redefining \] on input line 2860.
) (/usr/share/texlive/texmf-dist/tex/generic/iftex/ifxetex.sty
Package: ifxetex 2019/10/25 v0.7 ifxetex legacy package. Use iftex instead.
(/usr/share/texlive/texmf-dist/tex/generic/iftex/iftex.sty
Package: iftex 2019/11/07 v1.0c TeX engine tests
)) (/usr/share/texlive/texmf-dist/tex/generic/iftex/ifluatex.sty
Package: ifluatex 2019/10/25 v1.5 ifluatex legacy package. Use iftex instead.
) (/usr/share/texlive/texmf-dist/tex/latex/base/fixltx2e.sty
Package: fixltx2e 2016/12/29 v2.1a fixes to LaTeX (obsolete)
Applying: [2015/01/01] Old fixltx2e package on input line 46.

Package fixltx2e Warning: fixltx2e is not required with releases after 2015
(fixltx2e)                All fixes are now in the LaTeX kernel.
(fixltx2e)                See the latexrelease package for details.

Already applied: [0000/00/00] Old fixltx2e package on input line 53.
) (/usr/share/texlive/texmf-dist/tex/xelatex/mathspec/mathspec.sty
Package: mathspec 2016/12/22 v0.2b LaTeX Package (Mathematics font selection fo
r XeLaTeX)
(/usr/share/texlive/texmf-dist/tex/latex/etoolbox/etoolbox.sty
Package: etoolbox 2019/09/21 v2.5h e-TeX tools for LaTeX (JAW)
\etb@tempcnta=\count184
) (/usr/share/texlive/texmf-dist/tex/latex/fontspec/fontspec.sty (/usr/share/te
xlive/texmf-dist/tex/latex/l3packages/xparse/xparse.sty (/usr/share/texlive/tex
mf-dist/tex/latex/l3kernel/expl3.sty
Package: expl3 2020-02-14 L3 programming layer (loader) 
(/usr/share/texlive/texmf-dist/tex/latex/l3backend/l3backend-xdvipdfmx.def
File: l3backend-xdvipdfmx.def 2020-02-03 L3 backend support: xdvipdfmx
\g__graphics_track_int=\count185
\l__pdf_internal_box=\box47
\g__pdf_backend_object_int=\count186
\g__pdf_backend_annotation_int=\count187
))
Package: xparse 2020-02-14 L3 Experimental document command parser
\l__xparse_current_arg_int=\count188
\g__xparse_grabber_int=\count189
\l__xparse_m_args_int=\count190
\l__xparse_v_nesting_int=\count191
)
Package: fontspec 2020/02/03 v2.7h Font selection for XeLaTeX and LuaLaTeX
(/usr/share/texlive/texmf-dist/tex/latex/fontspec/fontspec-xetex.sty
Package: fontspec-xetex 2020/02/03 v2.7h Font selection for XeLaTeX and LuaLaTe
X
\l__fontspec_script_int=\count192
\l__fontspec_language_int=\count193
\l__fontspec_strnum_int=\count194
\l__fontspec_tmp_int=\count195
\l__fontspec_tmpa_int=\count196
\l__fontspec_tmpb_int=\count197
\l__fontspec_tmpc_int=\count198
\l__fontspec_em_int=\count199
\l__fontspec_emdef_int=\count266
\l__fontspec_strong_int=\count267
\l__fontspec_strongdef_int=\count268
\l__fontspec_tmpa_dim=\dimen144
\l__fontspec_tmpb_dim=\dimen145
\l__fontspec_tmpc_dim=\dimen146
(/usr/share/texlive/texmf-dist/tex/latex/base/fontenc.sty
Package: fontenc 2020/02/11 v2.0o Standard LaTeX package
) (/usr/share/texlive/texmf-dist/tex/latex/fontspec/fontspec.cfg))) (/usr/share
/texlive/texmf-dist/tex/latex/xkeyval/xkeyval.sty
Package: xkeyval 2014/12/03 v2.7a package option processing (HA)
(/usr/share/texlive/texmf-dist/tex/generic/xkeyval/xkeyval.tex (/usr/share/texl
ive/texmf-dist/tex/generic/xkeyval/xkvutils.tex
\XKV@toks=\toks20
\XKV@tempa@toks=\toks21
(/usr/share/texlive/texmf-dist/tex/generic/xkeyval/keyval.tex))
\XKV@depth=\count269
File: xkeyval.tex 2014/12/03 v2.7a key=value parser (HA)
))
\c@eu@=\count270
\c@eu@i=\count271
\c@mkern=\count272
) (/usr/share/texlive/texmf-dist/tex/latex/upquote/upquote.sty
Package: upquote 2012/04/19 v1.3 upright-quote and grave-accent glyphs in verba
tim
(/usr/share/texlive/texmf-dist/tex/latex/base/textcomp.sty
Package: textcomp 2020/02/02 v2.0n Standard LaTeX package
)) (/usr/share/texlive/texmf-dist/tex/latex/microtype/microtype.sty
Package: microtype 2019/11/18 v2.7d Micro-typographical refinements (RS)
\MT@toks=\toks22
\MT@count=\count273
LaTeX Info: Redefining \textls on input line 790.
\MT@outer@kern=\dimen147
LaTeX Info: Redefining \textmicrotypecontext on input line 1354.
\MT@listname@count=\count274
(/usr/share/texlive/texmf-dist/tex/latex/microtype/microtype-xetex.def
File: microtype-xetex.def 2019/11/18 v2.7d Definitions specific to xetex (RS)
LaTeX Info: Redefining \lsstyle on input line 258.
)
Package microtype Info: Loading configuration file microtype.cfg.
(/usr/share/texlive/texmf-dist/tex/latex/microtype/microtype.cfg
File: microtype.cfg 2019/11/18 v2.7d microtype main configuration file (RS)
)) (/usr/share/texlive/texmf-dist/tex/latex/hyperref/hyperref.sty
Package: hyperref 2020/01/14 v7.00d Hypertext links for LaTeX
(/usr/share/texlive/texmf-dist/tex/generic/ltxcmds/ltxcmds.sty
Package: ltxcmds 2019/12/15 v1.24 LaTeX kernel commands for general use (HO)
) (/usr/share/texlive/texmf-dist/tex/latex/pdftexcmds/pdftexcmds.sty
Package: pdftexcmds 2019/11/24 v0.31 Utility functions of pdfTeX for LuaTeX (HO
)
(/usr/share/texlive/texmf-dist/tex/generic/infwarerr/infwarerr.sty
Package: infwarerr 2019/12/03 v1.5 Providing info/warning/error messages (HO)
)
Package pdftexcmds Info: \pdf@primitive is available.
Package pdftexcmds Info: \pdf@ifprimitive is available.
Package pdftexcmds Info: \pdfdraftmode not found.
) (/usr/share/texlive/texmf-dist/tex/generic/kvsetkeys/kvsetkeys.sty
Package: kvsetkeys 2019/12/15 v1.18 Key value parser (HO)
) (/usr/share/texlive/texmf-dist/tex/generic/kvdefinekeys/kvdefinekeys.sty
Package: kvdefinekeys 2019-12-19 v1.6 Define keys (HO)
) (/usr/share/texlive/texmf-dist/tex/generic/pdfescape/pdfescape.sty
Package: pdfescape 2019/12/09 v1.15 Implements pdfTeX's escape features (HO)
) (/usr/share/texlive/texmf-dist/tex/latex/hycolor/hycolor.sty
Package: hycolor 2020-01-27 v1.10 Color options for hyperref/bookmark (HO)
) (/usr/share/texlive/texmf-dist/tex/latex/letltxmacro/letltxmacro.sty
Package: letltxmacro 2019/12/03 v1.6 Let assignment for LaTeX macros (HO)
) (/usr/share/texlive/texmf-dist/tex/latex/auxhook/auxhook.sty
Package: auxhook 2019-12-17 v1.6 Hooks for auxiliary files (HO)
) (/usr/share/texlive/texmf-dist/tex/latex/kvoptions/kvoptions.sty
Package: kvoptions 2019/11/29 v3.13 Key value format for package options (HO)
)
\@linkdim=\dimen148
\Hy@linkcounter=\count275
\Hy@pagecounter=\count276
(/usr/share/texlive/texmf-dist/tex/latex/hyperref/pd1enc.def
File: pd1enc.def 2020/01/14 v7.00d Hyperref: PDFDocEncoding definition (HO)
) (/usr/share/texlive/texmf-dist/tex/generic/intcalc/intcalc.sty
Package: intcalc 2019/12/15 v1.3 Expandable calculations with integers (HO)
) (/usr/share/texlive/texmf-dist/tex/generic/etexcmds/etexcmds.sty
Package: etexcmds 2019/12/15 v1.7 Avoid name clashes with e-TeX commands (HO)
)
\Hy@SavedSpaceFactor=\count277
Package hyperref Info: Option `unicode' set `true' on input line 4421.
(/usr/share/texlive/texmf-dist/tex/latex/hyperref/puenc.def
File: puenc.def 2020/01/14 v7.00d Hyperref: PDF Unicode definition (HO)
)
Package hyperref Info: Hyper figures OFF on input line 4547.
Package hyperref Info: Link nesting OFF on input line 4552.
Package hyperref Info: Hyper index ON on input line 4555.
Package hyperref Info: Plain pages OFF on input line 4562.
Package hyperref Info: Backreferencing OFF on input line 4567.
Package hyperref Info: Implicit mode ON; LaTeX internals redefined.
Package hyperref Info: Bookmarks ON on input line 4800.
\c@Hy@tempcnt=\count278
(/usr/share/texlive/texmf-dist/tex/latex/url/url.sty
\Urlmuskip=\muskip17
Package: url 2013/09/16  ver 3.4  Verb mode for urls, etc.
)
LaTeX Info: Redefining \url on input line 5159.
\XeTeXLinkMargin=\dimen149
(/usr/share/texlive/texmf-dist/tex/generic/bitset/bitset.sty
Package: bitset 2019/12/09 v1.3 Handle bit-vector datatype (HO)
(/usr/share/texlive/texmf-dist/tex/generic/bigintcalc/bigintcalc.sty
Package: bigintcalc 2019/12/15 v1.5 Expandable calculations on big integers (HO
)
))
\Fld@menulength=\count279
\Field@Width=\dimen150
\Fld@charsize=\dimen151
Package hyperref Info: Hyper figures OFF on input line 6430.
Package hyperref Info: Link nesting OFF on input line 6435.
Package hyperref Info: Hyper index ON on input line 6438.
Package hyperref Info: backreferencing OFF on input line 6445.
Package hyperref Info: Link coloring OFF on input line 6450.
Package hyperref Info: Link coloring with OCG OFF on input line 6455.
Package hyperref Info: PDF/A mode OFF on input line 6460.
LaTeX Info: Redefining \ref on input line 6500.
LaTeX Info: Redefining \pageref on input line 6504.
(/usr/share/texlive/texmf-dist/tex/generic/atbegshi/atbegshi.sty
Package: atbegshi 2019/12/05 v1.19 At begin shipout hook (HO)
)
\Hy@abspage=\count280
\c@Item=\count281
\c@Hfootnote=\count282
)
Package hyperref Info: Driver (autodetected): hxetex.
(/usr/share/texlive/texmf-dist/tex/latex/hyperref/hxetex.def
File: hxetex.def 2020/01/14 v7.00d Hyperref driver for XeTeX
(/usr/share/texlive/texmf-dist/tex/generic/stringenc/stringenc.sty
Package: stringenc 2019/11/29 v1.12 Convert strings between diff. encodings (HO
)
)
\pdfm@box=\box48
\c@Hy@AnnotLevel=\count283
\HyField@AnnotCount=\count284
\Fld@listcount=\count285
\c@bookmark@seq@number=\count286
(/usr/share/texlive/texmf-dist/tex/latex/rerunfilecheck/rerunfilecheck.sty
Package: rerunfilecheck 2019/12/05 v1.9 Rerun checks for auxiliary files (HO)
(/usr/share/texlive/texmf-dist/tex/latex/atveryend/atveryend.sty
Package: atveryend 2019-12-11 v1.11 Hooks at the very end of document (HO)
) (/usr/share/texlive/texmf-dist/tex/generic/uniquecounter/uniquecounter.sty
Package: uniquecounter 2019/12/15 v1.4 Provide unlimited unique counter (HO)
)
Package uniquecounter Info: New unique counter `rerunfilecheck' on input line 2
86.
)
\Hy@SectionHShift=\skip52
)
Package hyperref Info: Option `breaklinks' set `true' on input line 30.
(/usr/share/texlive/texmf-dist/tex/latex/geometry/geometry.sty
Package: geometry 2020/01/02 v5.9 Page Geometry
(/usr/share/texlive/texmf-dist/tex/generic/iftex/ifvtex.sty
Package: ifvtex 2019/10/25 v1.7 ifvtex legacy package. Use iftex instead.
)
\Gm@cnth=\count287
\Gm@cntv=\count288
\c@Gm@tempcnt=\count289
\Gm@bindingoffset=\dimen152
\Gm@wd@mp=\dimen153
\Gm@odd@mp=\dimen154
\Gm@even@mp=\dimen155
\Gm@layoutwidth=\dimen156
\Gm@layoutheight=\dimen157
\Gm@layouthoffset=\dimen158
\Gm@layoutvoffset=\dimen159
\Gm@dimlist=\toks23
) (/usr/share/texlive/texmf-dist/tex/latex/natbib/natbib.sty
Package: natbib 2010/09/13 8.31b (PWD, AO)
\bibhang=\skip53
\bibsep=\skip54
LaTeX Info: Redefining \cite on input line 694.
\c@NAT@ctr=\count290
) (/usr/share/texlive/texmf-dist/tex/latex/tools/longtable.sty
Package: longtable 2020/01/07 v4.13 Multi-page Table package (DPC)
\LTleft=\skip55
\LTright=\skip56
\LTpre=\skip57
\LTpost=\skip58
\LTchunksize=\count291
\LTcapwidth=\dimen160
\LT@head=\box49
\LT@firsthead=\box50
\LT@foot=\box51
\LT@lastfoot=\box52
\LT@cols=\count292
\LT@rows=\count293
\c@LT@tables=\count294
\c@LT@chunks=\count295
\LT@p@ftn=\toks24
) (/usr/share/texlive/texmf-dist/tex/latex/booktabs/booktabs.sty
Package: booktabs 2020/01/12 v1.61803398 Publication quality tables
\heavyrulewidth=\dimen161
\lightrulewidth=\dimen162
\cmidrulewidth=\dimen163
\belowrulesep=\dimen164
\belowbottomsep=\dimen165
\aboverulesep=\dimen166
\abovetopsep=\dimen167
\cmidrulesep=\dimen168
\cmidrulekern=\dimen169
\defaultaddspace=\dimen170
\@cmidla=\count296
\@cmidlb=\count297
\@aboverulesep=\dimen171
\@belowrulesep=\dimen172
\@thisruleclass=\count298
\@lastruleclass=\count299
\@thisrulewidth=\dimen173
) (/usr/share/texlive/texmf-dist/tex/latex/mdwtools/footnote.sty
Package: footnote 1997/01/28 1.13 Save footnotes around boxes
\fn@notes=\box53
\fn@width=\dimen174
) (/usr/share/texlive/texmf-dist/tex/latex/graphics/graphicx.sty
Package: graphicx 2019/11/30 v1.2a Enhanced LaTeX Graphics (DPC,SPQR)
(/usr/share/texlive/texmf-dist/tex/latex/graphics/graphics.sty
Package: graphics 2019/11/30 v1.4a Standard LaTeX Graphics (DPC,SPQR)
(/usr/share/texlive/texmf-dist/tex/latex/graphics/trig.sty
Package: trig 2016/01/03 v1.10 sin cos tan (DPC)
) (/usr/share/texlive/texmf-dist/tex/latex/graphics-cfg/graphics.cfg
File: graphics.cfg 2016/06/04 v1.11 sample graphics configuration
)
Package graphics Info: Driver file: xetex.def on input line 105.
(/usr/share/texlive/texmf-dist/tex/latex/graphics-def/xetex.def
File: xetex.def 2017/06/24 v5.0h Graphics/color driver for xetex
))
\Gin@req@height=\dimen175
\Gin@req@width=\dimen176
) (/usr/share/texlive/texmf-dist/tex/latex/grffile/grffile.sty
Package: grffile 2019/11/11 v2.1 Extended file name support for graphics (legac
y)
Package grffile Info: This package is an empty stub for compatibility on input 
line 40.
) (/usr/share/texlive/texmf-dist/tex/latex/parskip/parskip.sty
Package: parskip 2020-01-22 v2.0d non-zero parskip adjustments
) (/usr/share/texlive/texmf-dist/tex/latex/fancyhdr/fancyhdr.sty
Package: fancyhdr 2019/01/31 v3.10 Extensive control of page headers and footer
s
\f@nch@headwidth=\skip59
\f@nch@O@elh=\skip60
\f@nch@O@erh=\skip61
\f@nch@O@olh=\skip62
\f@nch@O@orh=\skip63
\f@nch@O@elf=\skip64
\f@nch@O@erf=\skip65
\f@nch@O@olf=\skip66
\f@nch@O@orf=\skip67
) (/usr/share/texlive/texmf-dist/tex/latex/float/float.sty
Package: float 2001/11/08 v1.3d Float enhancements (AL)
\c@float@type=\count300
\float@exts=\toks25
\float@box=\box54
\@float@everytoks=\toks26
\@floatcapt=\box55
) (/usr/share/texlive/texmf-dist/tex/latex/graphics/color.sty
Package: color 2019/11/23 v1.2a Standard LaTeX Color (DPC)
(/usr/share/texlive/texmf-dist/tex/latex/graphics-cfg/color.cfg
File: color.cfg 2016/01/02 v1.6 sample color configuration
)
Package color Info: Driver file: xetex.def on input line 147.
) (/usr/share/texlive/texmf-dist/tex/latex/cancel/cancel.sty
Package: cancel 2013/04/12 v2.2 Cancel math terms
) (/usr/share/texlive/texmf-dist/tex/latex/caption/caption.sty
Package: caption 2020/01/03 v3.4h Customizing captions (AR)
(/usr/share/texlive/texmf-dist/tex/latex/caption/caption3.sty
Package: caption3 2020/01/03 v1.8h caption3 kernel (AR)
Package caption3 Info: TeX engine: e-TeX on input line 61.
\captionmargin=\dimen177
\captionmargin@=\dimen178
\captionwidth=\dimen179
\caption@tempdima=\dimen180
\caption@indent=\dimen181
\caption@parindent=\dimen182
\caption@hangindent=\dimen183
Package caption Info: Standard document class detected.
)
\c@caption@flags=\count301
\c@continuedfloat=\count302
Package caption Info: float package is loaded.
Package caption Info: hyperref package is loaded.
Package caption Info: longtable package is loaded.
(/usr/share/texlive/texmf-dist/tex/latex/caption/ltcaption.sty
Package: ltcaption 2018/08/26 v1.4a longtable captions (AR)
)) (./Meteo.and.climate.aux)
\openout1 = `Meteo.and.climate.aux'.

LaTeX Font Info:    Checking defaults for OML/cmm/m/it on input line 104.
LaTeX Font Info:    ... okay on input line 104.
LaTeX Font Info:    Checking defaults for OMS/cmsy/m/n on input line 104.
LaTeX Font Info:    ... okay on input line 104.
LaTeX Font Info:    Checking defaults for OT1/cmr/m/n on input line 104.
LaTeX Font Info:    ... okay on input line 104.
LaTeX Font Info:    Checking defaults for T1/cmr/m/n on input line 104.
LaTeX Font Info:    ... okay on input line 104.
LaTeX Font Info:    Checking defaults for TS1/cmr/m/n on input line 104.
LaTeX Font Info:    Trying to load font information for TS1+cmr on input line 1
04.
(/usr/share/texlive/texmf-dist/tex/latex/base/ts1cmr.fd
File: ts1cmr.fd 2019/12/16 v2.5j Standard LaTeX font definitions
)
LaTeX Font Info:    ... okay on input line 104.
LaTeX Font Info:    Checking defaults for TU/lmr/m/n on input line 104.
LaTeX Font Info:    ... okay on input line 104.
LaTeX Font Info:    Checking defaults for OMX/cmex/m/n on input line 104.
LaTeX Font Info:    ... okay on input line 104.
LaTeX Font Info:    Checking defaults for U/cmr/m/n on input line 104.
LaTeX Font Info:    ... okay on input line 104.
LaTeX Font Info:    Checking defaults for PD1/pdf/m/n on input line 104.
LaTeX Font Info:    ... okay on input line 104.
LaTeX Font Info:    Checking defaults for PU/pdf/m/n on input line 104.
LaTeX Font Info:    ... okay on input line 104.
LaTeX Info: Redefining \microtypecontext on input line 104.
Package microtype Info: Character protrusion enabled (level 2).
Package microtype Info: Using protrusion set `basicmath'.
Package microtype Info: No adjustment of tracking.
Package microtype Info: No adjustment of spacing.
Package microtype Info: No adjustment of kerning.
(/usr/share/texlive/texmf-dist/tex/latex/microtype/mt-LatinModernRoman.cfg
File: mt-LatinModernRoman.cfg 2013/03/13 v1.0 microtype config. file: Latin Mod
ern Roman (RS)
)
\AtBeginShipoutBox=\box56
Package hyperref Info: Link coloring OFF on input line 104.
(/usr/share/texlive/texmf-dist/tex/latex/hyperref/nameref.sty
Package: nameref 2019/09/16 v2.46 Cross-referencing by name of section
(/usr/share/texlive/texmf-dist/tex/latex/refcount/refcount.sty
Package: refcount 2019/12/15 v3.6 Data extraction from label references (HO)
) (/usr/share/texlive/texmf-dist/tex/generic/gettitlestring/gettitlestring.sty
Package: gettitlestring 2019/12/15 v1.6 Cleanup title references (HO)
)
\c@section@level=\count303
)
LaTeX Info: Redefining \ref on input line 104.
LaTeX Info: Redefining \pageref on input line 104.
LaTeX Info: Redefining \nameref on input line 104.
(./Meteo.and.climate.out) (./Meteo.and.climate.out)
\@outlinefile=\write3
\openout3 = `Meteo.and.climate.out'.

*geometry* driver: auto-detecting
*geometry* detected driver: xetex
*geometry* verbose mode - [ preamble ] result:
* driver: xetex
* paper: <default>
* layout: <same size as paper>
* layoutoffset:(h,v)=(0.0pt,0.0pt)
* modes: 
* h-part:(L,W,R)=(85.35826pt, 443.57848pt, 85.35826pt)
* v-part:(T,H,B)=(56.9055pt, 681.15898pt, 56.9055pt)
* \paperwidth=614.295pt
* \paperheight=794.96999pt
* \textwidth=443.57848pt
* \textheight=681.15898pt
* \oddsidemargin=13.08827pt
* \evensidemargin=13.08827pt
* \topmargin=-47.23828pt
* \headheight=12.0pt
* \headsep=19.8738pt
* \topskip=12.0pt
* \footskip=30.0pt
* \marginparwidth=47.0pt
* \marginparsep=7.0pt
* \columnsep=10.0pt
* \skip\footins=10.8pt plus 4.0pt minus 2.0pt
* \hoffset=0.0pt
* \voffset=0.0pt
* \mag=1000
* \@twocolumnfalse
* \@twosidefalse
* \@mparswitchfalse
* \@reversemarginfalse
* (1in=72.27pt=25.4mm, 1cm=28.453pt)

Package caption Info: Begin \AtBeginDocument code.
Package caption Info: End \AtBeginDocument code.

LaTeX Font Warning: Font shape `TU/lmr/m/scit' undefined
(Font)              using `TU/lmr/m/scsl' instead on input line 159.

File: figures/UGhent2.png Graphic file (type bmp)
<figures/UGhent2.png>
[1



] (./Meteo.and.climate.toc
LaTeX Font Info:    Trying to load font information for OT1+lmr on input line 4
.
(/usr/share/texmf/tex/latex/lm/ot1lmr.fd
File: ot1lmr.fd 2009/10/30 v1.6 Font defs for Latin Modern
)
Package microtype Info: Loading generic protrusion settings for font family
(microtype)             `lmr' (encoding: OT1).
(microtype)             For optimal results, create family-specific settings.
(microtype)             See the microtype manual for details.
LaTeX Font Info:    Trying to load font information for OML+lmm on input line 4
.
(/usr/share/texmf/tex/latex/lm/omllmm.fd
File: omllmm.fd 2009/10/30 v1.6 Font defs for Latin Modern
)
LaTeX Font Info:    Trying to load font information for OMS+lmsy on input line 
4.
(/usr/share/texmf/tex/latex/lm/omslmsy.fd
File: omslmsy.fd 2009/10/30 v1.6 Font defs for Latin Modern
)
LaTeX Font Info:    Trying to load font information for OMX+lmex on input line 
4.
(/usr/share/texmf/tex/latex/lm/omxlmex.fd
File: omxlmex.fd 2009/10/30 v1.6 Font defs for Latin Modern
)
LaTeX Font Info:    External font `lmex10' loaded for size
(Font)              <12> on input line 4.
LaTeX Font Info:    External font `lmex10' loaded for size
(Font)              <8> on input line 4.
LaTeX Font Info:    External font `lmex10' loaded for size
(Font)              <6> on input line 4.
LaTeX Font Info:    Trying to load font information for U+msa on input line 4.
(/usr/share/texlive/texmf-dist/tex/latex/amsfonts/umsa.fd
File: umsa.fd 2013/01/14 v3.01 AMS symbols A
) (/usr/share/texlive/texmf-dist/tex/latex/microtype/mt-msa.cfg
File: mt-msa.cfg 2006/02/04 v1.1 microtype config. file: AMS symbols (a) (RS)
)
LaTeX Font Info:    Trying to load font information for U+msb on input line 4.
(/usr/share/texlive/texmf-dist/tex/latex/amsfonts/umsb.fd
File: umsb.fd 2013/01/14 v3.01 AMS symbols B
) (/usr/share/texlive/texmf-dist/tex/latex/microtype/mt-msb.cfg
File: mt-msb.cfg 2005/06/01 v1.0 microtype config. file: AMS symbols (b) (RS)
) [1

])
\tf@toc=\write4
\openout4 = `Meteo.and.climate.toc'.

[2] [3

] [1


]
Chapter 1.
[2

] [3]

Package caption Warning: The option `hypcap=true' will be ignored for this
(caption)                particular \caption on input line 251.
See the caption package documentation for explanation.

File: figures/Table11.png Graphic file (type bmp)
<figures/Table11.png>
File: figures/Figure11.png Graphic file (type bmp)
<figures/Figure11.png>
File: figures/Figure12a.png Graphic file (type bmp)
<figures/Figure12a.png>
File: figures/Figure12b.png Graphic file (type bmp)
<figures/Figure12b.png>
[4]
File: figures/Figure13.png Graphic file (type bmp)
<figures/Figure13.png>
[5]
File: figures/Figure14a.png Graphic file (type bmp)
<figures/Figure14a.png>
File: figures/Figure14b.png Graphic file (type bmp)
<figures/Figure14b.png>
[6]
File: figures/Figure15.png Graphic file (type bmp)
<figures/Figure15.png>
[7]
File: figures/Figure16a.png Graphic file (type bmp)
<figures/Figure16a.png>
File: figures/Figure16b.png Graphic file (type bmp)
<figures/Figure16b.png>
File: figures/Figure17.png Graphic file (type bmp)
<figures/Figure17.png>
[8]
File: figures/Figure18.png Graphic file (type bmp)
<figures/Figure18.png>
[9]
File: figures/Figure19.png Graphic file (type bmp)
<figures/Figure19.png>
File: figures/Figure110.png Graphic file (type bmp)
<figures/Figure110.png>
[10]
File: figures/Figure112.png Graphic file (type bmp)
<figures/Figure112.png>
[11]
File: figures/Figure113.png Graphic file (type bmp)
<figures/Figure113.png>
[12]
File: figures/Figure114.png Graphic file (type bmp)
<figures/Figure114.png>
File: figures/Figure115.png Graphic file (type bmp)
<figures/Figure115.png>
[13]

Package caption Warning: The option `hypcap=true' will be ignored for this
(caption)                particular \caption on input line 613.
See the caption package documentation for explanation.

File: figures/Table12.png Graphic file (type bmp)
<figures/Table12.png>
[14]
File: figures/Figure116.png Graphic file (type bmp)
<figures/Figure116.png>
[15]
File: figures/Figure117.png Graphic file (type bmp)
<figures/Figure117.png>
File: figures/Figure118.png Graphic file (type bmp)
<figures/Figure118.png>
[16]
File: figures/Figure119.png Graphic file (type bmp)
<figures/Figure119.png>
File: figures/Figure120.png Graphic file (type bmp)
<figures/Figure120.png>
[17]
Missing character: There is no – in font rm-lmr8!
Missing character: There is no – in font rm-lmr8!
Missing character: There is no – in font rm-lmr8!
[18]
Missing character: There is no µ in font lmmi12!
File: figures/Figure121.png Graphic file (type bmp)
<figures/Figure121.png>
File: figures/Figure122.png Graphic file (type bmp)
<figures/Figure122.png>
[19]
File: figures/Figure123.png Graphic file (type bmp)
<figures/Figure123.png>
[20]
File: figures/Figure124.png Graphic file (type bmp)
<figures/Figure124.png>
File: figures/Figure125.png Graphic file (type bmp)
<figures/Figure125.png>
File: figures/Figure126.png Graphic file (type bmp)
<figures/Figure126.png>
[21]
Missing character: There is no β in font [lmroman12-regular]:mapping=tex-text;!
Missing character: There is no β in font [lmroman12-regular]:mapping=tex-text;!
File: figures/Figure127.png Graphic file (type bmp)
<figures/Figure127.png>
[22]
File: figures/Figure128.png Graphic file (type bmp)
<figures/Figure128.png>
Missing character: There is no µ in font lmmi12!
File: figures/Figure129.png Graphic file (type bmp)
<figures/Figure129.png>
[23]
File: figures/Figure130.png Graphic file (type bmp)
<figures/Figure130.png>
File: figures/Figure131.png Graphic file (type bmp)
<figures/Figure131.png>
[24]
File: figures/Figure132.png Graphic file (type bmp)
<figures/Figure132.png>
[25]
File: figures/Figure133.png Graphic file (type bmp)
<figures/Figure133.png>
Missing character: There is no α in font lmmi12!
Missing character: There is no – in font rm-lmr12!
Missing character: There is no σ in font lmmi12!
Missing character: There is no α in font [lmroman12-regular]:mapping=tex-text;!
Missing character: There is no σ in font lmmi12!
[26]
File: figures/Figure134.png Graphic file (type bmp)
<figures/Figure134.png>
File: figures/Figure135.png Graphic file (type bmp)
<figures/Figure135.png>
[27]

Package caption Warning: The option `hypcap=true' will be ignored for this
(caption)                particular \caption on input line 1065.
See the caption package documentation for explanation.

File: figures/Table13.png Graphic file (type bmp)
<figures/Table13.png>
Missing character: There is no α in font [lmroman12-regular]:mapping=tex-text;!
File: figures/Figure136.png Graphic file (type bmp)
<figures/Figure136.png>
[28]
File: figures/Figure137.png Graphic file (type bmp)
<figures/Figure137.png>
File: figures/Figure138.png Graphic file (type bmp)
<figures/Figure138.png>
[29]
Missing character: There is no λ in font [lmroman12-regular]:mapping=tex-text;!
[30]
File: figures/Figure139.png Graphic file (type bmp)
<figures/Figure139.png>
File: figures/Figure140.png Graphic file (type bmp)
<figures/Figure140.png>
[31]
File: figures/Figure141.png Graphic file (type bmp)
<figures/Figure141.png>
File: figures/Figure142.png Graphic file (type bmp)
<figures/Figure142.png>
[32]
File: figures/Figure143.png Graphic file (type bmp)
<figures/Figure143.png>
[33]
File: figures/Figure144.png Graphic file (type bmp)
<figures/Figure144.png>
File: figures/Figure145.png Graphic file (type bmp)
<figures/Figure145.png>
[34]
File: figures/Figure146.png Graphic file (type bmp)
<figures/Figure146.png>
[35]
Chapter 2.
File: figures/Figure21.png Graphic file (type bmp)
<figures/Figure21.png>
[36

]
File: figures/Figure22.png Graphic file (type bmp)
<figures/Figure22.png>
File: figures/Figure23.png Graphic file (type bmp)
<figures/Figure23.png>
[37]
File: figures/Figure24.png Graphic file (type bmp)
<figures/Figure24.png>
File: figures/Figure25.png Graphic file (type bmp)
<figures/Figure25.png>
[38]
File: figures/Figure26.png Graphic file (type bmp)
<figures/Figure26.png>
[39]
File: figures/Figure27.png Graphic file (type bmp)
<figures/Figure27.png>
[40]
File: figures/Figure28.png Graphic file (type bmp)
<figures/Figure28.png>
File: figures/Figure29.png Graphic file (type bmp)
<figures/Figure29.png>
[41]
File: figures/Figure210.png Graphic file (type bmp)
<figures/Figure210.png>
[42]
File: figures/Figure211.png Graphic file (type bmp)
<figures/Figure211.png>
[43]
File: figures/Figure212.png Graphic file (type bmp)
<figures/Figure212.png>
[44]
Missing character: There is no φ in font [lmroman12-regular]:mapping=tex-text;!
Missing character: There is no ∂ in font [lmroman12-regular]:mapping=tex-text;!
[45]
File: figures/Figure213.png Graphic file (type bmp)
<figures/Figure213.png>
[46]
File: figures/Figure214.png Graphic file (type bmp)
<figures/Figure214.png>
File: figures/Figure215.png Graphic file (type bmp)
<figures/Figure215.png>
[47]
File: figures/Figure216.png Graphic file (type bmp)
<figures/Figure216.png>
[48]
File: figures/Figure217.png Graphic file (type bmp)
<figures/Figure217.png>
[49]
File: figures/Figure218.png Graphic file (type bmp)
<figures/Figure218.png>
[50]
File: figures/Figure219.png Graphic file (type bmp)
<figures/Figure219.png>
[51]
File: figures/Figure220.png Graphic file (type bmp)
<figures/Figure220.png>
[52]
File: figures/Figure221.png Graphic file (type bmp)
<figures/Figure221.png>
File: figures/Figure222.png Graphic file (type bmp)
<figures/Figure222.png>
[53]

Package caption Warning: The option `hypcap=true' will be ignored for this
(caption)                particular \caption on input line 1840.
See the caption package documentation for explanation.

File: figures/Table21.png Graphic file (type bmp)
<figures/Table21.png>
[54]

Package caption Warning: The option `hypcap=true' will be ignored for this
(caption)                particular \caption on input line 1853.
See the caption package documentation for explanation.

File: figures/Table22.png Graphic file (type bmp)
<figures/Table22.png>
File: figures/Figure223.png Graphic file (type bmp)
<figures/Figure223.png>
File: figures/Figure224.png Graphic file (type bmp)
<figures/Figure224.png>
[55]
File: figures/Figure225.png Graphic file (type bmp)
<figures/Figure225.png>
File: figures/Figure226.png Graphic file (type bmp)
<figures/Figure226.png>
[56]
File: figures/Figure227.png Graphic file (type bmp)
<figures/Figure227.png>
[57]
File: figures/Figure228.png Graphic file (type bmp)
<figures/Figure228.png>
File: figures/Figure229.png Graphic file (type bmp)
<figures/Figure229.png>
[58]
File: figures/Figure230.png Graphic file (type bmp)
<figures/Figure230.png>
File: figures/Figure231.png Graphic file (type bmp)
<figures/Figure231.png>
[59]
File: figures/Figure232.png Graphic file (type bmp)
<figures/Figure232.png>
[60]
File: figures/Figure233.png Graphic file (type bmp)
<figures/Figure233.png>
[61]
File: figures/Figure234.png Graphic file (type bmp)
<figures/Figure234.png>
[62]
File: figures/Figure235.png Graphic file (type bmp)
<figures/Figure235.png>
[63]
File: figures/Figure236.png Graphic file (type bmp)
<figures/Figure236.png>
File: figures/Figure237.png Graphic file (type bmp)
<figures/Figure237.png>
[64]
File: figures/Figure238.png Graphic file (type bmp)
<figures/Figure238.png>
[65]
File: figures/Figure239.png Graphic file (type bmp)
<figures/Figure239.png>

Package caption Warning: The option `hypcap=true' will be ignored for this
(caption)                particular \caption on input line 2161.
See the caption package documentation for explanation.

File: figures/Table23.png Graphic file (type bmp)
<figures/Table23.png>
[66]
File: figures/Figure240.png Graphic file (type bmp)
<figures/Figure240.png>
File: figures/Figure241.png Graphic file (type bmp)
<figures/Figure241.png>
[67]
File: figures/Figure242.png Graphic file (type bmp)
<figures/Figure242.png>
[68]
File: figures/Figure243.png Graphic file (type bmp)
<figures/Figure243.png>
File: figures/Figure244.png Graphic file (type bmp)
<figures/Figure244.png>
[69]
File: figures/Figure245.png Graphic file (type bmp)
<figures/Figure245.png>

Package caption Warning: The option `hypcap=true' will be ignored for this
(caption)                particular \caption on input line 2289.
See the caption package documentation for explanation.

File: figures/Table24.png Graphic file (type bmp)
<figures/Table24.png>
[70]
File: figures/Figure246.png Graphic file (type bmp)
<figures/Figure246.png>
[71]
File: figures/Figure247.png Graphic file (type bmp)
<figures/Figure247.png>
File: figures/Figure248.png Graphic file (type bmp)
<figures/Figure248.png>
[72]
File: figures/Figure249.png Graphic file (type bmp)
<figures/Figure249.png>
[73]
File: figures/Figure250.png Graphic file (type bmp)
<figures/Figure250.png>
File: figures/Figure251.png Graphic file (type bmp)
<figures/Figure251.png>
[74]
File: figures/Figure252.png Graphic file (type bmp)
<figures/Figure252.png>
[75]
File: figures/Figure253.png Graphic file (type bmp)
<figures/Figure253.png>
File: figures/Figure254.png Graphic file (type bmp)
<figures/Figure254.png>
[76]
File: figures/Figure255.png Graphic file (type bmp)
<figures/Figure255.png>
File: figures/Figure256.png Graphic file (type bmp)
<figures/Figure256.png>
[77]
File: figures/Figure257.png Graphic file (type bmp)
<figures/Figure257.png>
[78]
File: figures/Figure258.png Graphic file (type bmp)
<figures/Figure258.png>
File: figures/Figure259.png Graphic file (type bmp)
<figures/Figure259.png>
File: figures/Figure260.png Graphic file (type bmp)
<figures/Figure260.png>
[79]
File: figures/Figure261.png Graphic file (type bmp)
<figures/Figure261.png>
File: figures/Figure262.png Graphic file (type bmp)
<figures/Figure262.png>
[80]

Package caption Warning: The option `hypcap=true' will be ignored for this
(caption)                particular \caption on input line 2555.
See the caption package documentation for explanation.

File: figures/Table25.png Graphic file (type bmp)
<figures/Table25.png>
[81]
Chapter 3.
File: figures/Figure31.png Graphic file (type bmp)
<figures/Figure31.png>
[82

]
File: figures/Figure32.png Graphic file (type bmp)
<figures/Figure32.png>
[83]
File: figures/Figure33.png Graphic file (type bmp)
<figures/Figure33.png>
[84]
File: figures/Figure34.png Graphic file (type bmp)
<figures/Figure34.png>
[85]
File: figures/Figure35.png Graphic file (type bmp)
<figures/Figure35.png>
File: figures/Figure36.png Graphic file (type bmp)
<figures/Figure36.png>
[86]
File: figures/Figure37.png Graphic file (type bmp)
<figures/Figure37.png>
[87]
File: figures/Figure38.png Graphic file (type bmp)
<figures/Figure38.png>
[88]
File: figures/Figure39.png Graphic file (type bmp)
<figures/Figure39.png>
File: figures/Figure310.png Graphic file (type bmp)
<figures/Figure310.png>
[89]
File: figures/Figure311.png Graphic file (type bmp)
<figures/Figure311.png>
File: figures/Figure312.png Graphic file (type bmp)
<figures/Figure312.png>
[90]
File: figures/Figure313.png Graphic file (type bmp)
<figures/Figure313.png>
[91]
File: figures/Figure314.png Graphic file (type bmp)
<figures/Figure314.png>
[92]
File: figures/Figure315.png Graphic file (type bmp)
<figures/Figure315.png>
[93]
File: figures/Figure316.png Graphic file (type bmp)
<figures/Figure316.png>
[94]
File: figures/Figure317.png Graphic file (type bmp)
<figures/Figure317.png>
[95]
File: figures/Figure318.png Graphic file (type bmp)
<figures/Figure318.png>
[96]
File: figures/Figure319.png Graphic file (type bmp)
<figures/Figure319.png>
[97]
File: figures/Figure320.png Graphic file (type bmp)
<figures/Figure320.png>
[98]
File: figures/Figure321.png Graphic file (type bmp)
<figures/Figure321.png>
[99]
File: figures/Figure322.png Graphic file (type bmp)
<figures/Figure322.png>
[100]
File: figures/Figure323.png Graphic file (type bmp)
<figures/Figure323.png>
[101]
File: figures/Figure324.png Graphic file (type bmp)
<figures/Figure324.png>
File: figures/Figure325.png Graphic file (type bmp)
<figures/Figure325.png>
[102]
File: figures/Figure326.png Graphic file (type bmp)
<figures/Figure326.png>
[103]
File: figures/Figure327.png Graphic file (type bmp)
<figures/Figure327.png>
[104]
File: figures/Figure328.png Graphic file (type bmp)
<figures/Figure328.png>
[105]
File: figures/Figure329.png Graphic file (type bmp)
<figures/Figure329.png>
[106]
File: figures/Figure330.png Graphic file (type bmp)
<figures/Figure330.png>
[107]
File: figures/Figure331.png Graphic file (type bmp)
<figures/Figure331.png>
[108]
File: figures/Figure332.png Graphic file (type bmp)
<figures/Figure332.png>
[109]
File: figures/Figure333.png Graphic file (type bmp)
<figures/Figure333.png>
[110]
File: figures/Figure334.png Graphic file (type bmp)
<figures/Figure334.png>
[111]
File: figures/Figure335.png Graphic file (type bmp)
<figures/Figure335.png>
[112]
File: figures/Figure336.png Graphic file (type bmp)
<figures/Figure336.png>
File: figures/Figure337.png Graphic file (type bmp)
<figures/Figure337.png>
[113]
File: figures/Figure338.png Graphic file (type bmp)
<figures/Figure338.png>
[114]
File: figu